<?xml version="1.0" encoding="UTF-8" standalone="no"?>
<testsuite errors="0" failures="1" name="io.cucumber.core.plugin.JUnitFormatter" skipped="0" tests="4" time="931.044">
    <testcase classname="Sign up with correct data" name="Test Sign up with correct Data" time="203.906">
        <system-out><![CDATA[Given user is already on Website Home Page ii...............................passed
Then user navigates to sign up page ii......................................passed
]]></system-out>
    </testcase>
    <testcase classname="Coupon" name="Coupon" time="181.175">
        <system-out><![CDATA[Given user is already on Website Home Page cc...............................passed
Then user is redirected to pricing page and choose the plan to pay cc.......passed
Then user is redirected checkout page cc....................................passed
Then user proceed to pay with paypal pp cc..................................passed
Then paypal popup appears and user navigates back to my account pp cc.......passed
Then user Signout account PP cc.............................................passed
]]></system-out>
    </testcase>
    <testcase classname="Paypal Checkout" name="Test paypal checkout" time="316.744">
        <system-out><![CDATA[Given user is already on Website Home Page..................................passed
Then user is redirected to pricing page and check the text1 PP1.............passed
Then user is redirected to pricing page and check the text2 PP2.............passed
Then user is redirected to pricing page and check the text3 PP3.............passed
Then user is redirected to pricing page and check the text4 PP4.............passed
Then user is redirected to pricing page and check the text5 PP5.............passed
Then user is redirected to pricing page and check the text6 PP6.............passed
Then user is redirected to pricing page and check the text7 PP7.............passed
Then user is redirected to pricing page and check the text8 PP8.............passed
Then user is redirected to pricing page and check the text9 PP9.............passed
Then user is redirected to pricing page and check the text10 PP0............passed
Then user is redirected to pricing page and check the text11 PP0............passed
Then user is redirected to pricing page and check the text12 PP0............passed
Then user is redirected to pricing page and check the text13 PP0............passed
Then user is redirected to pricing page and check the text14 PP0............passed
Then user is redirected to pricing page and check the text15 PP0............passed
Then user is redirected to pricing page and check the text16 PP0............passed
Then user is redirected to pricing page and check the text17 PP0............passed
Then user is redirected to pricing page and check the text18 PP0............passed
Then user is redirected to pricing page and choose the plan to pay..........passed
Then user is redirected checkout page.......................................passed
Then user proceed to pay with paypal pp.....................................passed
Then paypal popup appears and user navigates back to my account pp..........passed
Then user Signout account PP................................................passed
]]></system-out>
    </testcase>
    <testcase classname="Stripe Checkout" name="Test Stripe checkout" time="228.565">
        <failure message="Expected condition failed: waiting for element to be clickable: By.xpath: //span[@class='ProductSummary-name Text Text-color--gray500 Text-fontSize--16 Text-fontWeight--500'] (tried for 50 second(s) with 500 milliseconds interval)&#10;Build info: version: '3.141.59', revision: 'e82be7d358', time: '2018-11-14T08:17:03'&#10;System info: host: 'SLIDEQA2', ip: '192.168.0.110', os.name: 'Windows 10', os.arch: 'amd64', os.version: '10.0', java.version: '17'&#10;Driver info: org.openqa.selenium.chrome.ChromeDriver&#10;Capabilities {acceptInsecureCerts: false, browserName: chrome, browserVersion: 105.0.5195.127, chrome: {chromedriverVersion: 105.0.5195.52 (412c95e51883..., userDataDir: C:\Users\SLIDEQ~1\AppData\L...}, goog:chromeOptions: {debuggerAddress: localhost:52682}, javascriptEnabled: true, networkConnectionEnabled: false, pageLoadStrategy: normal, platform: WINDOWS, platformName: WINDOWS, proxy: Proxy(), setWindowRect: true, strictFileInteractability: false, timeouts: {implicit: 0, pageLoad: 300000, script: 30000}, unhandledPromptBehavior: dismiss and notify, webauthn:extension:credBlob: true, webauthn:extension:largeBlob: true, webauthn:virtualAuthenticators: true}&#10;Session ID: bf237531b2d6672ca31ca6f3e65df37e" type="org.openqa.selenium.TimeoutException"><![CDATA[Given user is already on Website Home Page CO...............................passed
Then user is redirected to pricing page and check the text1 2CO.............passed
Then user is redirected to pricing page and check the text2 2CO.............passed
Then user is redirected to pricing page and check the text3 2CO.............passed
Then user is redirected to pricing page and check the text4 2CO.............passed
Then user is redirected to pricing page and check the text5 2CO.............passed
Then user is redirected to pricing page and check the text6 2CO.............passed
Then user is redirected to pricing page and check the text7 2CO.............passed
Then user is redirected to pricing page and check the text8 2CO.............passed
Then user is redirected to pricing page and check the text9 2CO.............passed
Then user is redirected to pricing page and check the text10 2CO............passed
Then user is redirected to pricing page and check the text11 2CO............passed
Then user is redirected to pricing page and check the text12 2CO............passed
Then user is redirected to pricing page and check the text13 2CO............passed
Then user is redirected to pricing page and check the text14 2CO............passed
Then user is redirected to pricing page and check the text15 2CO............passed
Then user is redirected to pricing page and check the text16 2CO............passed
Then user is redirected to pricing page and check the text17 2CO............passed
Then user is redirected to pricing page and check the text18 2CO............passed
Then user is redirected to pricing page and choose a plan to pay 2CO........passed
Then user proceed to pay with 2CO 2CO.......................................passed
Then CO page appears and user navigates back to my account 2CO..............failed
Then user signout the account 2CO...........................................skipped

StackTrace:
org.openqa.selenium.TimeoutException: Expected condition failed: waiting for element to be clickable: By.xpath: //span[@class='ProductSummary-name Text Text-color--gray500 Text-fontSize--16 Text-fontWeight--500'] (tried for 50 second(s) with 500 milliseconds interval)
Build info: version: '3.141.59', revision: 'e82be7d358', time: '2018-11-14T08:17:03'
System info: host: 'SLIDEQA2', ip: '192.168.0.110', os.name: 'Windows 10', os.arch: 'amd64', os.version: '10.0', java.version: '17'
Driver info: org.openqa.selenium.chrome.ChromeDriver
Capabilities {acceptInsecureCerts: false, browserName: chrome, browserVersion: 105.0.5195.127, chrome: {chromedriverVersion: 105.0.5195.52 (412c95e51883..., userDataDir: C:\Users\SLIDEQ~1\AppData\L...}, goog:chromeOptions: {debuggerAddress: localhost:52682}, javascriptEnabled: true, networkConnectionEnabled: false, pageLoadStrategy: normal, platform: WINDOWS, platformName: WINDOWS, proxy: Proxy(), setWindowRect: true, strictFileInteractability: false, timeouts: {implicit: 0, pageLoad: 300000, script: 30000}, unhandledPromptBehavior: dismiss and notify, webauthn:extension:credBlob: true, webauthn:extension:largeBlob: true, webauthn:virtualAuthenticators: true}
Session ID: bf237531b2d6672ca31ca6f3e65df37e
	at org.openqa.selenium.support.ui.WebDriverWait.timeoutException(WebDriverWait.java:95)
	at org.openqa.selenium.support.ui.FluentWait.until(FluentWait.java:272)
	at SetupClass.StepDefinition.Stripe_Checkout.CO_page_appears_and_user_navigates_back_to_my_account_CO(Stripe_Checkout.java:656)
	at âœ½.CO page appears and user navigates back to my account 2CO(file:///D:/Selenium%20Live%20Projects/SlideGeeks-Checkout/./src/test/java/Features/Stripe_Checkout.feature:26)
]]></failure>
    </testcase>
</testsuite>
